IQ-TREE multicore version 2.2.2.6 COVID-edition for Linux 64-bit built May 27 2023
Developed by Bui Quang Minh, James Barbetti, Nguyen Lam Tung,
Olga Chernomor, Heiko Schmidt, Dominik Schrempf, Michael Woodhams, Ly Trong Nhan.

Host:    n7361 (AVX2, FMA3, 62 GB RAM)
Command: iqtree -s results/alineadas.fasta -m MFP -nt AUTO -pre results/arbol_mfp
Seed:    177934 (Using SPRNG - Scalable Parallel Random Number Generator)
Time:    Sun Jul  6 15:49:38 2025
Kernel:  AVX+FMA - auto-detect threads (24 CPU cores detected)

Reading alignment file results/alineadas.fasta ... Fasta format detected
Reading fasta file: done in 0.000721931 secs using 42.66% CPU
Alignment most likely contains DNA/RNA sequences
Constructing alignment: done in 0.013865 secs using 14.74% CPU
Alignment has 3 sequences with 7451 columns, 121 distinct patterns
0 parsimony-informative, 2759 singleton sites, 4692 constant sites
             Gap/Ambiguity  Composition  p-value
Analyzing sequences: done in 9.05991e-06 secs
   1  NC_002778.2    6.99%    failed      1.91%
   2  NC_056259.1    6.99%    failed      0.01%
   3  PQ740951.1     6.99%    passed     24.62%
****  TOTAL          6.99%  2 sequences failed composition chi2 test (p-value<5%; df=3)
Checking for duplicate sequences: done in 2.21729e-05 secs


Create initial parsimony tree by phylogenetic likelihood library (PLL)... 0.000 seconds
Measuring multi-threading efficiency up to 24 CPU cores
Increase to 10 rounds for branch lengths
90902 trees examined
Threads: 1 / Time: 24.000 sec / Speedup: 1.000 / Efficiency: 100% / LogL: -21300
Threads: 2 / Time: 26.107 sec / Speedup: 0.919 / Efficiency: 46% / LogL: -21300
Determining AUTO threadcount: done in 50.1071 secs using 151.5% CPU
BEST NUMBER OF THREADS: 1

Perform fast likelihood tree search using GTR+I+G model...
Estimate model parameters (epsilon = 5.000)
Perform nearest neighbor interchange...
Optimizing NNI: done in 9.05991e-06 secs using 187.6% CPU
Estimate model parameters (epsilon = 1.000)
1. Initial log-likelihood: -20868.617
Optimal log-likelihood: -20867.830
Rate parameters:  A-C: 5.46164  A-G: 6.21216  A-T: 2.83191  C-G: 0.17700  C-T: 11.41713  G-T: 1.00000
Base frequencies:  A: 0.326  C: 0.273  G: 0.152  T: 0.249
Proportion of invariable sites: 0.319
Gamma shape alpha: 2.995
Parameters optimization took 1 rounds (0.001 sec)
Time for fast ML tree search: 0.008 seconds

NOTE: ModelFinder requires 0 MB RAM!
ModelFinder will test up to 484 DNA models (sample size: 7451) ...
 No. Model         -LnL         df  AIC          AICc         BIC
  1  GTR+F         20912.573    11  41847.146    41847.181    41923.223
  2  GTR+F+I       20865.445    12  41754.889    41754.931    41837.882
  3  GTR+F+G4      20866.386    12  41756.773    41756.815    41839.766
  4  GTR+F+I+G4    20865.592    13  41757.185    41757.234    41847.094
  5  GTR+F+R2      20866.167    13  41758.334    41758.383    41848.244
  6  GTR+F+R3      20865.974    15  41761.948    41762.013    41865.690
 14  GTR+F+I+R2    20865.982    14  41759.965    41760.021    41856.790
 15  GTR+F+I+R3    20865.856    16  41763.711    41763.784    41874.369
 24  SYM+I         21196.044    9   42410.088    42410.112    42472.333
 25  SYM+G4        21196.767    9   42411.534    42411.558    42473.779
 26  SYM+I+G4      21196.297    10  42412.594    42412.623    42481.755
 46  TVM+F+I       20889.914    11  41801.828    41801.864    41877.905
 47  TVM+F+G4      20889.619    11  41801.238    41801.273    41877.315
 48  TVM+F+I+G4    20890.276    12  41804.551    41804.593    41887.545
 68  TVMe+I        21256.196    8   42528.392    42528.411    42583.720
 69  TVMe+G4       21254.295    8   42524.591    42524.610    42579.920
 70  TVMe+I+G4     21256.583    9   42531.165    42531.189    42593.410
 90  TIM3+F+I      21004.508    10  42029.016    42029.046    42098.177
 91  TIM3+F+G4     21005.852    10  42031.704    42031.734    42100.865
 92  TIM3+F+I+G4   21004.794    11  42031.589    42031.624    42107.666
112  TIM3e+I       21480.217    7   42974.434    42974.449    43022.847
113  TIM3e+G4      21482.698    7   42979.396    42979.411    43027.809
114  TIM3e+I+G4    21481.044    8   42978.088    42978.107    43033.416
134  TIM2+F+I      20881.228    10  41782.457    41782.486    41851.618
135  TIM2+F+G4     20883.150    10  41786.299    41786.329    41855.460
136  TIM2+F+I+G4   20881.539    11  41785.078    41785.114    41861.155
156  TIM2e+I       21217.815    7   42449.629    42449.644    42498.042
157  TIM2e+G4      21218.975    7   42451.950    42451.965    42500.362
158  TIM2e+I+G4    21218.207    8   42452.414    42452.433    42507.743
178  TIM+F+I       20993.576    10  42007.152    42007.182    42076.313
179  TIM+F+G4      20995.613    10  42011.226    42011.256    42080.387
180  TIM+F+I+G4    20994.041    11  42010.082    42010.118    42086.159
200  TIMe+I        21467.456    7   42948.913    42948.928    42997.325
201  TIMe+G4       21471.157    7   42956.313    42956.328    43004.726
202  TIMe+I+G4     21467.906    8   42951.813    42951.832    43007.142
222  TPM3u+F+I     21030.055    9   42078.109    42078.134    42140.354
223  TPM3u+F+G4    21029.936    9   42077.872    42077.896    42140.117
224  TPM3u+F+I+G4  21030.078    10  42080.155    42080.185    42149.316
244  TPM3+I        21550.730    6   43113.459    43113.470    43154.956
245  TPM3+G4       21550.018    6   43112.037    43112.048    43153.533
246  TPM3+I+G4     21551.747    7   43117.493    43117.508    43165.906
266  TPM2u+F+I     20905.504    9   41829.009    41829.033    41891.254
267  TPM2u+F+G4    20905.912    9   41829.824    41829.848    41892.069
268  TPM2u+F+I+G4  20905.620    10  41831.239    41831.269    41900.400
288  TPM2+I        21277.362    6   42566.723    42566.734    42608.220
289  TPM2+G4       21275.792    6   42563.583    42563.595    42605.080
290  TPM2+I+G4     21278.064    7   42570.129    42570.144    42618.541
310  K3Pu+F+I      21019.267    9   42056.535    42056.559    42118.779
311  K3Pu+F+G4     21019.599    9   42057.199    42057.223    42119.444
312  K3Pu+F+I+G4   21019.393    10  42058.786    42058.815    42127.947
332  K3P+I         21537.545    6   43087.089    43087.101    43128.586
333  K3P+G4        21537.630    6   43087.259    43087.270    43128.756
334  K3P+I+G4      21538.520    7   43091.039    43091.054    43139.452
354  TN+F+I        21014.098    9   42046.196    42046.220    42108.441
355  TN+F+G4       21016.512    9   42051.025    42051.049    42113.270
356  TN+F+I+G4     21014.526    10  42049.052    42049.081    42118.213
376  TNe+I         21493.879    6   42999.759    42999.770    43041.256
377  TNe+G4        21497.362    6   43006.725    43006.736    43048.221
378  TNe+I+G4      21494.584    7   43003.168    43003.183    43051.581
398  HKY+F+I       21039.464    8   42094.928    42094.947    42150.257
399  HKY+F+G4      21040.176    8   42096.352    42096.371    42151.681
400  HKY+F+I+G4    21039.649    9   42097.297    42097.322    42159.542
420  K2P+I         21563.901    5   43137.801    43137.809    43172.382
421  K2P+G4        21563.843    5   43137.687    43137.695    43172.267
422  K2P+I+G4      21564.886    6   43141.773    43141.784    43183.269
442  F81+F+I       21252.786    7   42519.572    42519.587    42567.985
443  F81+F+G4      21252.790    7   42519.580    42519.595    42567.993
444  F81+F+I+G4    21253.654    8   42523.308    42523.327    42578.637
464  JC+I          21735.012    4   43478.025    43478.030    43505.689
465  JC+G4         21735.018    4   43478.036    43478.041    43505.700
466  JC+I+G4       21736.258    5   43482.516    43482.525    43517.097
Akaike Information Criterion:           GTR+F+I
Corrected Akaike Information Criterion: GTR+F+I
Bayesian Information Criterion:         GTR+F+I
Best-fit model: GTR+F+I chosen according to BIC

All model information printed to results/arbol_mfp.model.gz
CPU time for ModelFinder: 76.299 seconds (0h:1m:16s)
Wall-clock time for ModelFinder: 50.373 seconds (0h:0m:50s)

NOTE: 0 MB RAM (0 GB) is required!
Estimate model parameters (epsilon = 0.100)
1. Initial log-likelihood: -20865.445
Optimal log-likelihood: -20865.431
Rate parameters:  A-C: 4.22551  A-G: 4.96051  A-T: 2.45074  C-G: 0.34808  C-T: 8.31060  G-T: 1.00000
Base frequencies:  A: 0.326  C: 0.273  G: 0.152  T: 0.249
Proportion of invariable sites: 0.341
Parameters optimization took 1 rounds (0.000 sec)
Wrote distance file to... 
Computing ML distances based on estimated model parameters...
Calculating distance matrix: done in 7.41482e-05 secs using 98.45% CPU
Computing ML distances took 0.000146 sec (of wall-clock time) 0.000136 sec (of CPU time)
Setting up auxiliary I and S matrices: done in 6.31809e-05 secs using 98.13% CPU
Constructing RapidNJ tree: done in 3.09944e-06 secs using 96.79% CPU
Computing RapidNJ tree took 0.000193 sec (of wall-clock time) 0.000195 sec (of CPU time)
Log-likelihood of RapidNJ tree: -20865.431
--------------------------------------------------------------------
|             INITIALIZING CANDIDATE TREE SET                      |
--------------------------------------------------------------------
Generating 99 parsimony trees... 0.024 second
Current best score: -20865.431

Do NNI search on 1 best initial trees
Optimizing NNI: done in 1.81198e-05 secs using 182.1% CPU
Finish initializing candidate tree set (1)
Current best tree score: -20865.431 / CPU time: 0.028
Number of iterations: 1
--------------------------------------------------------------------
|               OPTIMIZING CANDIDATE TREE SET                      |
--------------------------------------------------------------------
Optimizing NNI: done in 5.00679e-06 secs using 159.8% CPU
Optimizing NNI: done in 2.86102e-06 secs using 174.8% CPU
Optimizing NNI: done in 2.86102e-06 secs using 174.8% CPU
Optimizing NNI: done in 3.8147e-06 secs
Optimizing NNI: done in 2.86102e-06 secs
Optimizing NNI: done in 3.09944e-06 secs
Optimizing NNI: done in 1.90735e-06 secs
Optimizing NNI: done in 3.09944e-06 secs
Optimizing NNI: done in 3.09944e-06 secs using 129.1% CPU
Iteration 10 / LogL: -20865.431 / Time: 0h:0m:0s
Optimizing NNI: done in 1.90735e-06 secs using 209.7% CPU
Optimizing NNI: done in 2.14577e-06 secs using 186.4% CPU
Optimizing NNI: done in 2.86102e-06 secs using 174.8% CPU
Optimizing NNI: done in 3.09944e-06 secs using 129.1% CPU
Optimizing NNI: done in 1.90735e-06 secs using 209.7% CPU
Optimizing NNI: done in 3.09944e-06 secs using 129.1% CPU
Optimizing NNI: done in 3.09944e-06 secs using 129.1% CPU
Optimizing NNI: done in 2.14577e-06 secs using 186.4% CPU
Optimizing NNI: done in 1.90735e-06 secs using 209.7% CPU
Optimizing NNI: done in 2.14577e-06 secs using 233% CPU
Iteration 20 / LogL: -20865.431 / Time: 0h:0m:0s
Optimizing NNI: done in 3.09944e-06 secs using 161.3% CPU
Optimizing NNI: done in 4.05312e-06 secs using 123.4% CPU
Optimizing NNI: done in 3.09944e-06 secs using 161.3% CPU
Optimizing NNI: done in 3.09944e-06 secs using 161.3% CPU
Optimizing NNI: done in 3.09944e-06 secs using 161.3% CPU
Optimizing NNI: done in 2.86102e-06 secs using 174.8% CPU
Optimizing NNI: done in 4.05312e-06 secs using 148% CPU
Optimizing NNI: done in 3.09944e-06 secs using 193.6% CPU
Optimizing NNI: done in 3.09944e-06 secs using 193.6% CPU
Optimizing NNI: done in 3.09944e-06 secs using 161.3% CPU
Iteration 30 / LogL: -20865.431 / Time: 0h:0m:0s (0h:0m:0s left)
Optimizing NNI: done in 3.09944e-06 secs using 161.3% CPU
Optimizing NNI: done in 2.86102e-06 secs using 174.8% CPU
Optimizing NNI: done in 2.86102e-06 secs using 209.7% CPU
Optimizing NNI: done in 2.86102e-06 secs using 209.7% CPU
Optimizing NNI: done in 3.09944e-06 secs using 193.6% CPU
Optimizing NNI: done in 3.09944e-06 secs using 161.3% CPU
Optimizing NNI: done in 3.8147e-06 secs using 157.3% CPU
Optimizing NNI: done in 2.86102e-06 secs using 174.8% CPU
Optimizing NNI: done in 2.86102e-06 secs using 174.8% CPU
Optimizing NNI: done in 2.86102e-06 secs using 174.8% CPU
Iteration 40 / LogL: -20865.431 / Time: 0h:0m:0s (0h:0m:0s left)
Optimizing NNI: done in 2.86102e-06 secs using 209.7% CPU
Optimizing NNI: done in 2.86102e-06 secs using 174.8% CPU
Optimizing NNI: done in 3.09944e-06 secs using 193.6% CPU
Optimizing NNI: done in 2.86102e-06 secs using 174.8% CPU
Optimizing NNI: done in 3.09944e-06 secs
Optimizing NNI: done in 3.09944e-06 secs
Optimizing NNI: done in 2.86102e-06 secs
Optimizing NNI: done in 2.86102e-06 secs
Optimizing NNI: done in 3.09944e-06 secs using 161.3% CPU
Optimizing NNI: done in 3.09944e-06 secs using 161.3% CPU
Iteration 50 / LogL: -20865.431 / Time: 0h:0m:0s (0h:0m:0s left)
Optimizing NNI: done in 3.09944e-06 secs using 193.6% CPU
Optimizing NNI: done in 2.86102e-06 secs using 209.7% CPU
Optimizing NNI: done in 3.09944e-06 secs using 161.3% CPU
Optimizing NNI: done in 3.09944e-06 secs using 193.6% CPU
Optimizing NNI: done in 3.09944e-06 secs using 193.6% CPU
Optimizing NNI: done in 3.09944e-06 secs using 161.3% CPU
Optimizing NNI: done in 3.09944e-06 secs using 161.3% CPU
Optimizing NNI: done in 3.09944e-06 secs using 161.3% CPU
Optimizing NNI: done in 3.09944e-06 secs using 193.6% CPU
Optimizing NNI: done in 3.09944e-06 secs using 161.3% CPU
Iteration 60 / LogL: -20865.431 / Time: 0h:0m:0s (0h:0m:0s left)
Optimizing NNI: done in 2.86102e-06 secs using 174.8% CPU
Optimizing NNI: done in 2.86102e-06 secs using 174.8% CPU
Optimizing NNI: done in 4.05312e-06 secs using 148% CPU
Optimizing NNI: done in 3.09944e-06 secs using 161.3% CPU
Optimizing NNI: done in 3.09944e-06 secs using 161.3% CPU
Optimizing NNI: done in 2.86102e-06 secs using 174.8% CPU
Optimizing NNI: done in 2.86102e-06 secs using 209.7% CPU
Optimizing NNI: done in 2.86102e-06 secs using 174.8% CPU
Optimizing NNI: done in 3.09944e-06 secs using 161.3% CPU
Optimizing NNI: done in 3.09944e-06 secs using 161.3% CPU
Iteration 70 / LogL: -20865.431 / Time: 0h:0m:0s (0h:0m:0s left)
Optimizing NNI: done in 3.09944e-06 secs using 193.6% CPU
Optimizing NNI: done in 3.09944e-06 secs using 161.3% CPU
Optimizing NNI: done in 3.09944e-06 secs using 193.6% CPU
Optimizing NNI: done in 3.09944e-06 secs using 161.3% CPU
Optimizing NNI: done in 3.09944e-06 secs using 161.3% CPU
Optimizing NNI: done in 3.09944e-06 secs using 161.3% CPU
Optimizing NNI: done in 2.86102e-06 secs using 174.8% CPU
Optimizing NNI: done in 2.86102e-06 secs using 174.8% CPU
Optimizing NNI: done in 2.86102e-06 secs using 174.8% CPU
Optimizing NNI: done in 3.09944e-06 secs using 193.6% CPU
Iteration 80 / LogL: -20865.431 / Time: 0h:0m:0s (0h:0m:0s left)
Optimizing NNI: done in 3.09944e-06 secs using 161.3% CPU
Optimizing NNI: done in 1.50204e-05 secs using 199.7% CPU
Optimizing NNI: done in 3.09944e-06 secs using 161.3% CPU
Optimizing NNI: done in 3.09944e-06 secs using 161.3% CPU
Optimizing NNI: done in 3.09944e-06 secs using 161.3% CPU
Optimizing NNI: done in 3.09944e-06 secs using 193.6% CPU
Optimizing NNI: done in 2.86102e-06 secs using 174.8% CPU
Optimizing NNI: done in 2.86102e-06 secs using 174.8% CPU
Optimizing NNI: done in 3.09944e-06 secs using 161.3% CPU
Optimizing NNI: done in 3.8147e-06 secs using 131.1% CPU
Iteration 90 / LogL: -20865.431 / Time: 0h:0m:0s (0h:0m:0s left)
Optimizing NNI: done in 3.09944e-06 secs using 193.6% CPU
Optimizing NNI: done in 3.09944e-06 secs using 193.6% CPU
Optimizing NNI: done in 2.86102e-06 secs using 174.8% CPU
Optimizing NNI: done in 3.09944e-06 secs using 193.6% CPU
Optimizing NNI: done in 2.86102e-06 secs using 174.8% CPU
Optimizing NNI: done in 4.05312e-06 secs using 123.4% CPU
Optimizing NNI: done in 3.09944e-06 secs using 161.3% CPU
Optimizing NNI: done in 2.86102e-06 secs using 174.8% CPU
Optimizing NNI: done in 2.86102e-06 secs using 174.8% CPU
Optimizing NNI: done in 3.09944e-06 secs using 193.6% CPU
Iteration 100 / LogL: -20865.431 / Time: 0h:0m:0s (0h:0m:0s left)
Optimizing NNI: done in 3.09944e-06 secs using 193.6% CPU
TREE SEARCH COMPLETED AFTER 101 ITERATIONS / Time: 0h:0m:0s

--------------------------------------------------------------------
|                    FINALIZING TREE SEARCH                        |
--------------------------------------------------------------------
Performs final model parameters optimization
Estimate model parameters (epsilon = 0.010)
1. Initial log-likelihood: -20865.431
Optimal log-likelihood: -20865.423
Rate parameters:  A-C: 4.22889  A-G: 4.95464  A-T: 2.43876  C-G: 0.34013  C-T: 8.33635  G-T: 1.00000
Base frequencies:  A: 0.326  C: 0.273  G: 0.152  T: 0.249
Proportion of invariable sites: 0.342
Parameters optimization took 1 rounds (0.000 sec)
BEST SCORE FOUND : -20865.423
Total tree length: 0.724

Total number of iterations: 101
CPU time used for tree search: 0.071 sec (0h:0m:0s)
Wall-clock time used for tree search: 0.038 sec (0h:0m:0s)
Total CPU time used: 0.086 sec (0h:0m:0s)
Total wall-clock time used: 0.069 sec (0h:0m:0s)

Analysis results written to: 
  IQ-TREE report:                results/arbol_mfp.iqtree
  Maximum-likelihood tree:       results/arbol_mfp.treefile
  Likelihood distances:          results/arbol_mfp.mldist
  Screen log file:               results/arbol_mfp.log

Date and Time: Sun Jul  6 15:50:28 2025
